<?xml version="1.0" encoding="UTF-8"?>
<testng-results ignored="0" total="1" passed="1" failed="0" skipped="0">
  <reporter-output>
    <line>
      <![CDATA[setting up reports and test is running]]>
    </line>
    <line>
      <![CDATA[setting up browser and url]]>
    </line>
    <line>
      <![CDATA[Application is up and running]]>
    </line>
    <line>
      <![CDATA[Test is about to end]]>
    </line>
    <line>
      <![CDATA[Tests completed and reports generated]]>
    </line>
    <line>
      <![CDATA[quitting the browser]]>
    </line>
  </reporter-output>
  <suite started-at="2023-08-03T23:15:18 IST" name="Suite" finished-at="2023-08-03T23:16:51 IST" duration-ms="92435">
    <groups>
    </groups>
    <test started-at="2023-08-03T23:15:18 IST" name="Test" finished-at="2023-08-03T23:16:51 IST" duration-ms="92435">
      <class name="com.txautomation.testcases.AppropriationTestFlow">
        <test-method is-config="true" signature="setUpSuite()[pri:0, instance:com.txautomation.testcases.AppropriationTestFlow@17503f6b]" started-at="2023-08-03T23:15:17 IST" name="setUpSuite" finished-at="2023-08-03T23:15:18 IST" duration-ms="1407" status="PASS">
          <reporter-output>
            <line>
              <![CDATA[setting up reports and test is running]]>
            </line>
          </reporter-output>
        </test-method> <!-- setUpSuite -->
        <test-method is-config="true" signature="setup()[pri:0, instance:com.txautomation.testcases.AppropriationTestFlow@17503f6b]" started-at="2023-08-03T23:15:18 IST" name="setup" finished-at="2023-08-03T23:15:28 IST" duration-ms="10063" status="PASS">
          <reporter-output>
            <line>
              <![CDATA[setting up browser and url]]>
            </line>
            <line>
              <![CDATA[Application is up and running]]>
            </line>
          </reporter-output>
        </test-method> <!-- setup -->
        <test-method signature="appropriationTest()[pri:0, instance:com.txautomation.testcases.AppropriationTestFlow@17503f6b]" started-at="2023-08-03T23:15:28 IST" name="appropriationTest" finished-at="2023-08-03T23:16:49 IST" duration-ms="80608" status="PASS">
          <reporter-output>
          </reporter-output>
        </test-method> <!-- appropriationTest -->
        <test-method is-config="true" signature="tearDownMethod(org.testng.ITestResult)[pri:0, instance:com.txautomation.testcases.AppropriationTestFlow@17503f6b]" started-at="2023-08-03T23:16:49 IST" name="tearDownMethod" finished-at="2023-08-03T23:16:50 IST" duration-ms="1043" status="PASS">
          <params>
            <param index="0">
              <value>
                <![CDATA[[TestResult name=appropriationTest status=SUCCESS method=AppropriationTestFlow.appropriationTest()[pri:0, instance:com.txautomation.testcases.AppropriationTestFlow@17503f6b] output={null}]]]>
              </value>
            </param>
          </params>
          <reporter-output>
            <line>
              <![CDATA[Test is about to end]]>
            </line>
            <line>
              <![CDATA[Tests completed and reports generated]]>
            </line>
          </reporter-output>
        </test-method> <!-- tearDownMethod -->
        <test-method is-config="true" signature="teardown()[pri:0, instance:com.txautomation.testcases.AppropriationTestFlow@17503f6b]" started-at="2023-08-03T23:16:50 IST" name="teardown" finished-at="2023-08-03T23:16:51 IST" duration-ms="645" status="PASS">
          <reporter-output>
            <line>
              <![CDATA[quitting the browser]]>
            </line>
          </reporter-output>
        </test-method> <!-- teardown -->
      </class> <!-- com.txautomation.testcases.AppropriationTestFlow -->
    </test> <!-- Test -->
  </suite> <!-- Suite -->
</testng-results>
